<?xml version="1.0" encoding="UTF-8"?>
<testng-results skipped="0" failed="0" ignored="0" total="1" passed="1">
  <reporter-output>
  </reporter-output>
  <suite name="Default suite" duration-ms="213" started-at="2022-06-22T20:23:59Z" finished-at="2022-06-22T20:23:59Z">
    <groups>
    </groups>
    <test name="Default test" duration-ms="213" started-at="2022-06-22T20:23:59Z" finished-at="2022-06-22T20:23:59Z">
      <class name="testScripts.login">
        <test-method status="PASS" signature="browserlaunch()[pri:0, instance:testScripts.login@5ec0a365]" name="browserlaunch" is-config="true" duration-ms="9006" started-at="2022-06-23T01:53:50Z" finished-at="2022-06-23T01:53:59Z">
          <reporter-output>
          </reporter-output>
        </test-method> <!-- browserlaunch -->
        <test-method status="PASS" signature="teardown(org.testng.ITestResult)[pri:0, instance:testScripts.login@5ec0a365]" name="teardown" is-config="true" duration-ms="0" started-at="2022-06-23T01:53:59Z" finished-at="2022-06-23T01:53:59Z">
          <params>
            <param index="0">
              <value>
                <![CDATA[[TestResult name=loginfb status=SUCCESS method=login.loginfb()[pri:0, instance:testScripts.login@5ec0a365] output={null}]]]>
              </value>
            </param>
          </params>
          <reporter-output>
          </reporter-output>
        </test-method> <!-- teardown -->
        <test-method status="PASS" signature="loginfb()[pri:0, instance:testScripts.login@5ec0a365]" name="loginfb" duration-ms="181" started-at="2022-06-23T01:53:59Z" finished-at="2022-06-23T01:53:59Z">
          <reporter-output>
          </reporter-output>
        </test-method> <!-- loginfb -->
        <test-method status="PASS" signature="closeBrowser()[pri:0, instance:testScripts.login@5ec0a365]" name="closeBrowser" is-config="true" duration-ms="1196" started-at="2022-06-23T01:53:59Z" finished-at="2022-06-23T01:54:00Z">
          <reporter-output>
          </reporter-output>
        </test-method> <!-- closeBrowser -->
      </class> <!-- testScripts.login -->
    </test> <!-- Default test -->
  </suite> <!-- Default suite -->
</testng-results>
